<?xml version="1.0" encoding="UTF-8"?>
<testng-results ignored="0" total="1" passed="0" failed="1" skipped="0">
  <reporter-output>
  </reporter-output>
  <suite started-at="2019-03-11T04:03:19Z" name="Default suite" finished-at="2019-03-11T04:03:52Z" duration-ms="32951">
    <groups>
    </groups>
    <test started-at="2019-03-11T04:03:19Z" name="Default test" finished-at="2019-03-11T04:03:52Z" duration-ms="32951">
      <class name="com.learnautomation.com.learnautomation.selenium.SendEmail">
        <test-method is-config="true" signature="launchGmail()[pri:0, instance:com.learnautomation.com.learnautomation.selenium.SendEmail@72e5a8e]" started-at="2019-03-11T04:03:19Z" name="launchGmail" finished-at="2019-03-11T04:03:25Z" duration-ms="6082" status="PASS">
          <reporter-output>
          </reporter-output>
        </test-method> <!-- launchGmail -->
        <test-method signature="sendEmail()[pri:0, instance:com.learnautomation.com.learnautomation.selenium.SendEmail@72e5a8e]" started-at="2019-03-11T04:03:25Z" name="sendEmail" finished-at="2019-03-11T04:03:51Z" duration-ms="25596" status="FAIL">
          <exception class="java.lang.IllegalArgumentException">
            <message>
              <![CDATA[Invalid key code]]>
            </message>
            <full-stacktrace>
              <![CDATA[java.lang.IllegalArgumentException: Invalid key code
at java.desktop/sun.awt.windows.WRobotPeer.keyPress(Native Method)
at java.desktop/java.awt.Robot.keyPress(Robot.java:357)
at com.learnautomation.com.learnautomation.selenium.SendEmail.sendEmail(SendEmail.java:88)
at java.base/jdk.internal.reflect.NativeMethodAccessorImpl.invoke0(Native Method)
at java.base/jdk.internal.reflect.NativeMethodAccessorImpl.invoke(NativeMethodAccessorImpl.java:62)
at java.base/jdk.internal.reflect.DelegatingMethodAccessorImpl.invoke(DelegatingMethodAccessorImpl.java:43)
at java.base/java.lang.reflect.Method.invoke(Method.java:564)
at org.testng.internal.MethodInvocationHelper.invokeMethod(MethodInvocationHelper.java:124)
at org.testng.internal.Invoker.invokeMethod(Invoker.java:583)
at org.testng.internal.Invoker.invokeTestMethod(Invoker.java:719)
at org.testng.internal.Invoker.invokeTestMethods(Invoker.java:989)
at org.testng.internal.TestMethodWorker.invokeTestMethods(TestMethodWorker.java:125)
at org.testng.internal.TestMethodWorker.run(TestMethodWorker.java:109)
at org.testng.TestRunner.privateRun(TestRunner.java:648)
at org.testng.TestRunner.run(TestRunner.java:505)
at org.testng.SuiteRunner.runTest(SuiteRunner.java:455)
at org.testng.SuiteRunner.runSequentially(SuiteRunner.java:450)
at org.testng.SuiteRunner.privateRun(SuiteRunner.java:415)
at org.testng.SuiteRunner.run(SuiteRunner.java:364)
at org.testng.SuiteRunnerWorker.runSuite(SuiteRunnerWorker.java:52)
at org.testng.SuiteRunnerWorker.run(SuiteRunnerWorker.java:84)
at org.testng.TestNG.runSuitesSequentially(TestNG.java:1208)
at org.testng.TestNG.runSuitesLocally(TestNG.java:1137)
at org.testng.TestNG.runSuites(TestNG.java:1049)
at org.testng.TestNG.run(TestNG.java:1017)
at org.testng.remote.AbstractRemoteTestNG.run(AbstractRemoteTestNG.java:114)
at org.testng.remote.RemoteTestNG.initAndRun(RemoteTestNG.java:251)
at org.testng.remote.RemoteTestNG.main(RemoteTestNG.java:77)
]]>
            </full-stacktrace>
          </exception> <!-- java.lang.IllegalArgumentException -->
          <reporter-output>
          </reporter-output>
        </test-method> <!-- sendEmail -->
        <test-method is-config="true" signature="closebrowser()[pri:0, instance:com.learnautomation.com.learnautomation.selenium.SendEmail@72e5a8e]" started-at="2019-03-11T04:03:51Z" name="closebrowser" finished-at="2019-03-11T04:03:52Z" duration-ms="1241" status="PASS">
          <reporter-output>
          </reporter-output>
        </test-method> <!-- closebrowser -->
      </class> <!-- com.learnautomation.com.learnautomation.selenium.SendEmail -->
    </test> <!-- Default test -->
  </suite> <!-- Default suite -->
</testng-results>
